<?xml version="1.0" encoding="UTF-8"?>
<testng-results skipped="1" failed="1" total="2" passed="0">
  <reporter-output>
  </reporter-output>
  <suite name="Suite" duration-ms="38294" started-at="2018-08-09T13:16:25Z" finished-at="2018-08-09T13:17:03Z">
    <groups>
    </groups>
    <test name="Test1" duration-ms="30890" started-at="2018-08-09T13:16:25Z" finished-at="2018-08-09T13:16:56Z">
      <class name="com.testng.demo.Register">
        <test-method status="FAIL" signature="beforeTest(java.lang.String)[pri:0, instance:com.testng.demo.Register@28d25987]" name="beforeTest" is-config="true" duration-ms="0" started-at="2018-08-09T18:46:25Z" finished-at="2018-08-09T18:46:25Z">
          <params>
            <param index="0">
              <value>
                <![CDATA[firefox]]>
              </value>
            </param>
          </params>
          <exception class="org.openqa.selenium.WebDriverException">
            <message>
              <![CDATA[Reached error page: about:neterror?e=connectionFailure&u=http%3A//localhost%3A9090/servlets/com.mercurytours.servlet.ReservationServlet&c=UTF-8&f=regular&d=Firefox%20can%E2%80%99t%20establish%20a%20connection%20to%20the%20server%20at%20localhost%3A9090.
Build info: version: '3.4.0', revision: 'unknown', time: 'unknown'
System info: host: 'DDC5-L-5194H8L', ip: '10.251.27.71', os.name: 'Windows 10', os.arch: 'amd64', os.version: '10.0', java.version: '1.8.0_102'
Driver info: org.openqa.selenium.firefox.FirefoxDriver
Capabilities [{moz:profile=C:\Users\akshay.z.sharma\AppData\Local\Temp\rust_mozprofile.LLyVXj2OCWYN, rotatable=false, timeouts={implicit=0.0, pageLoad=300000.0, script=30000.0}, pageLoadStrategy=normal, moz:headless=false, platform=ANY, moz:accessibilityChecks=false, moz:useNonSpecCompliantPointerOrigin=false, acceptInsecureCerts=false, browserVersion=60.0.2, platformVersion=10.0, moz:processID=21564.0, browserName=firefox, javascriptEnabled=true, platformName=windows_nt, moz:webdriverClick=true}]
Session ID: b6b1d87e-5341-4195-af99-8967de3292fa]]>
            </message>
            <full-stacktrace>
              <![CDATA[org.openqa.selenium.WebDriverException: Reached error page: about:neterror?e=connectionFailure&u=http%3A//localhost%3A9090/servlets/com.mercurytours.servlet.ReservationServlet&c=UTF-8&f=regular&d=Firefox%20can%E2%80%99t%20establish%20a%20connection%20to%20the%20server%20at%20localhost%3A9090.
Build info: version: '3.4.0', revision: 'unknown', time: 'unknown'
System info: host: 'DDC5-L-5194H8L', ip: '10.251.27.71', os.name: 'Windows 10', os.arch: 'amd64', os.version: '10.0', java.version: '1.8.0_102'
Driver info: org.openqa.selenium.firefox.FirefoxDriver
Capabilities [{moz:profile=C:\Users\akshay.z.sharma\AppData\Local\Temp\rust_mozprofile.LLyVXj2OCWYN, rotatable=false, timeouts={implicit=0.0, pageLoad=300000.0, script=30000.0}, pageLoadStrategy=normal, moz:headless=false, platform=ANY, moz:accessibilityChecks=false, moz:useNonSpecCompliantPointerOrigin=false, acceptInsecureCerts=false, browserVersion=60.0.2, platformVersion=10.0, moz:processID=21564.0, browserName=firefox, javascriptEnabled=true, platformName=windows_nt, moz:webdriverClick=true}]
Session ID: b6b1d87e-5341-4195-af99-8967de3292fa
	at sun.reflect.NativeConstructorAccessorImpl.newInstance0(Native Method)
	at sun.reflect.NativeConstructorAccessorImpl.newInstance(NativeConstructorAccessorImpl.java:62)
	at sun.reflect.DelegatingConstructorAccessorImpl.newInstance(DelegatingConstructorAccessorImpl.java:45)
	at java.lang.reflect.Constructor.newInstance(Constructor.java:423)
	at org.openqa.selenium.remote.http.W3CHttpResponseCodec.createException(W3CHttpResponseCodec.java:150)
	at org.openqa.selenium.remote.http.W3CHttpResponseCodec.decode(W3CHttpResponseCodec.java:115)
	at org.openqa.selenium.remote.http.W3CHttpResponseCodec.decode(W3CHttpResponseCodec.java:45)
	at org.openqa.selenium.remote.HttpCommandExecutor.execute(HttpCommandExecutor.java:164)
	at org.openqa.selenium.remote.service.DriverCommandExecutor.execute(DriverCommandExecutor.java:82)
	at org.openqa.selenium.remote.RemoteWebDriver.execute(RemoteWebDriver.java:637)
	at org.openqa.selenium.remote.RemoteWebDriver.get(RemoteWebDriver.java:364)
	at com.testng.demo.Register.beforeTest(Register.java:37)
	at sun.reflect.NativeMethodAccessorImpl.invoke0(Native Method)
	at sun.reflect.NativeMethodAccessorImpl.invoke(NativeMethodAccessorImpl.java:62)
	at sun.reflect.DelegatingMethodAccessorImpl.invoke(DelegatingMethodAccessorImpl.java:43)
	at java.lang.reflect.Method.invoke(Method.java:498)
	at org.testng.internal.MethodInvocationHelper.invokeMethod(MethodInvocationHelper.java:80)
	at org.testng.internal.Invoker.invokeConfigurationMethod(Invoker.java:564)
	at org.testng.internal.Invoker.invokeConfigurations(Invoker.java:213)
	at org.testng.internal.Invoker.invokeConfigurations(Invoker.java:138)
	at org.testng.TestRunner.beforeRun(TestRunner.java:641)
	at org.testng.TestRunner.run(TestRunner.java:609)
	at org.testng.SuiteRunner.runTest(SuiteRunner.java:334)
	at org.testng.SuiteRunner.access$000(SuiteRunner.java:37)
	at org.testng.SuiteRunner$SuiteWorker.run(SuiteRunner.java:368)
	at org.testng.internal.thread.ThreadUtil$2.call(ThreadUtil.java:64)
	at java.util.concurrent.FutureTask.run(FutureTask.java:266)
	at java.util.concurrent.ThreadPoolExecutor.runWorker(ThreadPoolExecutor.java:1142)
	at java.util.concurrent.ThreadPoolExecutor$Worker.run(ThreadPoolExecutor.java:617)
	at java.lang.Thread.run(Thread.java:745)
]]>
            </full-stacktrace>
          </exception> <!-- org.openqa.selenium.WebDriverException -->
          <reporter-output>
          </reporter-output>
        </test-method> <!-- beforeTest -->
        <test-method status="SKIP" signature="f()[pri:0, instance:com.testng.demo.Register@28d25987]" name="f" duration-ms="3" started-at="2018-08-09T18:46:56Z" finished-at="2018-08-09T18:46:56Z">
          <reporter-output>
          </reporter-output>
        </test-method> <!-- f -->
        <test-method status="SKIP" signature="afterTest()[pri:0, instance:com.testng.demo.Register@28d25987]" name="afterTest" is-config="true" duration-ms="0" started-at="2018-08-09T18:46:56Z" finished-at="2018-08-09T18:46:56Z">
          <reporter-output>
          </reporter-output>
        </test-method> <!-- afterTest -->
      </class> <!-- com.testng.demo.Register -->
    </test> <!-- Test1 -->
    <test name="Test2" duration-ms="38285" started-at="2018-08-09T13:16:25Z" finished-at="2018-08-09T13:17:03Z">
      <class name="com.testng.demo.Register">
        <test-method status="PASS" signature="beforeTest(java.lang.String)[pri:0, instance:com.testng.demo.Register@754ba872]" name="beforeTest" is-config="true" duration-ms="29033" started-at="2018-08-09T18:46:25Z" finished-at="2018-08-09T18:46:54Z">
          <params>
            <param index="0">
              <value>
                <![CDATA[chrome]]>
              </value>
            </param>
          </params>
          <reporter-output>
          </reporter-output>
        </test-method> <!-- beforeTest -->
        <test-method status="FAIL" signature="f()[pri:0, instance:com.testng.demo.Register@754ba872]" name="f" duration-ms="9217" started-at="2018-08-09T18:46:54Z" finished-at="2018-08-09T18:47:03Z">
          <exception class="java.lang.NullPointerException">
            <full-stacktrace>
              <![CDATA[java.lang.NullPointerException
	at com.testng.demo.Register.f(Register.java:62)
	at sun.reflect.NativeMethodAccessorImpl.invoke0(Native Method)
	at sun.reflect.NativeMethodAccessorImpl.invoke(NativeMethodAccessorImpl.java:62)
	at sun.reflect.DelegatingMethodAccessorImpl.invoke(DelegatingMethodAccessorImpl.java:43)
	at java.lang.reflect.Method.invoke(Method.java:498)
	at org.testng.internal.MethodInvocationHelper.invokeMethod(MethodInvocationHelper.java:80)
	at org.testng.internal.Invoker.invokeMethod(Invoker.java:715)
	at org.testng.internal.Invoker.invokeTestMethod(Invoker.java:907)
	at org.testng.internal.Invoker.invokeTestMethods(Invoker.java:1237)
	at org.testng.internal.TestMethodWorker.invokeTestMethods(TestMethodWorker.java:127)
	at org.testng.internal.TestMethodWorker.run(TestMethodWorker.java:111)
	at org.testng.TestRunner.privateRun(TestRunner.java:767)
	at org.testng.TestRunner.run(TestRunner.java:617)
	at org.testng.SuiteRunner.runTest(SuiteRunner.java:334)
	at org.testng.SuiteRunner.access$000(SuiteRunner.java:37)
	at org.testng.SuiteRunner$SuiteWorker.run(SuiteRunner.java:368)
	at org.testng.internal.thread.ThreadUtil$2.call(ThreadUtil.java:64)
	at java.util.concurrent.FutureTask.run(FutureTask.java:266)
	at java.util.concurrent.ThreadPoolExecutor.runWorker(ThreadPoolExecutor.java:1142)
	at java.util.concurrent.ThreadPoolExecutor$Worker.run(ThreadPoolExecutor.java:617)
	at java.lang.Thread.run(Thread.java:745)
]]>
            </full-stacktrace>
          </exception> <!-- java.lang.NullPointerException -->
          <reporter-output>
          </reporter-output>
        </test-method> <!-- f -->
        <test-method status="PASS" signature="afterTest()[pri:0, instance:com.testng.demo.Register@754ba872]" name="afterTest" is-config="true" duration-ms="1" started-at="2018-08-09T18:47:03Z" finished-at="2018-08-09T18:47:03Z">
          <reporter-output>
          </reporter-output>
        </test-method> <!-- afterTest -->
      </class> <!-- com.testng.demo.Register -->
    </test> <!-- Test2 -->
  </suite> <!-- Suite -->
</testng-results>
